<?xml version="1.0" encoding="UTF-8"?>
<!-- Generated by org.testng.reporters.JUnitReportReporter -->
<testsuite skipped="0" hostname="Skys-MBP.fios-router.home" name="TestRunner.TC01_Login" tests="1" failures="0" timestamp="12 May 2018 22:33:54 GMT" time="5.154" errors="0">
  <testcase name="feature" time="5.154" classname="TestRunner.TC01_Login"/>
</testsuite> <!-- TestRunner.TC01_Login -->
