<?xml version="1.0" encoding="UTF-8"?>
<!-- Generated by org.testng.reporters.JUnitReportReporter -->
<testsuite skipped="0" hostname="Skys-MBP.fios-router.home" name="TestRunner.TC02_Login" tests="1" failures="0" timestamp="12 May 2018 22:34:14 GMT" time="4.143" errors="0">
  <testcase name="feature" time="4.143" classname="TestRunner.TC02_Login"/>
</testsuite> <!-- TestRunner.TC02_Login -->
