<?xml version="1.0" encoding="UTF-8"?>
<!-- Generated by org.testng.reporters.JUnitReportReporter -->
<testsuite hostname="Skys-MBP.fios-router.home" failures="0" tests="1" name="TestRunner.TC02_Login" time="2.958" errors="0" timestamp="06 May 2018 23:53:17 GMT" skipped="0">
  <testcase classname="TestRunner.TC02_Login" name="feature" time="2.958"/>
</testsuite> <!-- TestRunner.TC02_Login -->
