<?xml version="1.0" encoding="UTF-8"?>
<!-- Generated by org.testng.reporters.JUnitReportReporter -->
<testsuite hostname="Skys-MBP.fios-router.home" failures="0" tests="1" name="TestRunner.TC01_Login" time="8.848" errors="0" timestamp="06 May 2018 23:53:17 GMT" skipped="0">
  <testcase classname="TestRunner.TC01_Login" name="feature" time="8.848"/>
</testsuite> <!-- TestRunner.TC01_Login -->
